2025-03-09 13:30:02,544 - INFO - Verifying environment...
2025-03-09 13:30:02,545 - INFO - Loading configuration from config/config.yaml
2025-03-09 13:30:02,547 - INFO - Processing AAPL
2025-03-09 13:30:03,713 - INFO - Result for AAPL: {'ticker': 'AAPL', 'error': 'input array has wrong dimensions'}
2025-03-09 13:30:03,713 - INFO - Processing GOOGL
2025-03-09 13:30:03,944 - INFO - Result for GOOGL: {'ticker': 'GOOGL', 'error': 'input array has wrong dimensions'}
2025-03-09 13:42:22,138 - INFO - Verifying environment...
2025-03-09 13:42:22,139 - INFO - Loading configuration from config/config.yaml
2025-03-09 13:42:22,142 - INFO - Processing AAPL
2025-03-09 13:42:22,823 - INFO - Result for AAPL: {'ticker': 'AAPL', 'error': 'input array has wrong dimensions'}
2025-03-09 13:42:22,823 - INFO - Processing GOOGL
2025-03-09 13:42:22,944 - INFO - Result for GOOGL: {'ticker': 'GOOGL', 'error': 'input array has wrong dimensions'}
2025-03-09 13:45:36,260 - INFO - Verifying environment...
2025-03-09 13:45:36,260 - INFO - Loading configuration from config/config.yaml
2025-03-09 13:45:36,263 - INFO - Processing AAPL
2025-03-09 13:45:36,986 - INFO - Result for AAPL: {'ticker': 'AAPL', 'error': 'input array has wrong dimensions'}
2025-03-09 13:45:36,987 - INFO - Processing GOOGL
2025-03-09 13:45:37,170 - INFO - Result for GOOGL: {'ticker': 'GOOGL', 'error': 'input array has wrong dimensions'}
2025-03-09 13:48:11,458 - INFO - Verifying environment...
2025-03-09 13:48:11,459 - INFO - Loading configuration from config/config.yaml
2025-03-09 13:48:11,462 - INFO - Processing AAPL
2025-03-09 13:48:12,083 - INFO - Result for AAPL: {'ticker': 'AAPL', 'prediction': 119.84903720416747, 'indicators': {'sma': 239.45550003051758, 'macd': 0.24257437781736257}}
2025-03-09 13:48:12,083 - INFO - Processing GOOGL
2025-03-09 13:48:12,210 - INFO - Result for GOOGL: {'ticker': 'GOOGL', 'prediction': 86.57450153925828, 'indicators': {'sma': 178.43550033569335, 'macd': -5.286497257176791}}
2025-03-09 13:51:58,942 - INFO - Verifying environment...
2025-03-09 13:51:58,942 - INFO - Loading configuration from config/config.yaml
2025-03-09 13:51:58,946 - INFO - Processing AAPL
2025-03-09 13:51:59,595 - INFO - Result for AAPL: {'ticker': 'AAPL', 'prediction': 119.84903720461115, 'indicators': {'sma': 239.45550003051758, 'macd': 0.24257437870471676}}
2025-03-09 13:51:59,596 - INFO - Processing GOOGL
2025-03-09 13:51:59,721 - INFO - Result for GOOGL: {'ticker': 'GOOGL', 'prediction': 86.57450153925828, 'indicators': {'sma': 178.43550033569335, 'macd': -5.286497257176791}}
2025-03-09 13:58:08,292 - INFO - Verifying environment...
2025-03-09 13:58:08,293 - INFO - Loading configuration from config/config.yaml
2025-03-09 13:58:08,296 - INFO - Processing AAPL
2025-03-09 13:58:08,944 - INFO - Result for AAPL: {'ticker': 'AAPL', 'prediction': 119.84903720416747, 'indicators': {'sma': 239.45550003051758, 'macd': 0.24257437781736257}}
2025-03-09 13:58:08,944 - INFO - Processing GOOGL
2025-03-09 13:58:09,072 - INFO - Result for GOOGL: {'ticker': 'GOOGL', 'prediction': 86.57450153925828, 'indicators': {'sma': 178.43550033569335, 'macd': -5.286497257176791}}
2025-03-09 14:36:14,585 - INFO - Verifying environment...
2025-03-09 14:36:14,585 - INFO - Loading configuration from config/config.yaml
2025-03-09 14:36:14,589 - INFO - Processing AAPL
2025-03-09 14:36:15,333 - INFO - Result for AAPL: {'ticker': 'AAPL', 'prediction': 119.84903720416747, 'indicators': {'sma': 239.45550003051758, 'macd': 0.24257437781736257}}
2025-03-09 14:36:15,333 - INFO - Processing GOOGL
2025-03-09 14:36:15,463 - INFO - Result for GOOGL: {'ticker': 'GOOGL', 'prediction': 86.57450153925828, 'indicators': {'sma': 178.43550033569335, 'macd': -5.286497257176791}}
2025-03-09 15:19:01,698 - INFO - Verifying environment...
2025-03-09 15:19:01,702 - INFO - Loading configuration from config/config.yaml
2025-03-09 15:19:01,705 - INFO - Processing AAPL
2025-03-09 15:19:02,413 - INFO - Result for AAPL: {'ticker': 'AAPL', 'prediction': 119.84903720416747, 'indicators': {'sma': 239.45550003051758, 'macd': 0.24257437781736257}}
2025-03-10 10:53:59,228 - INFO - Verifying environment...
2025-03-10 10:53:59,229 - INFO - Loading configuration from config/config.yaml
2025-03-10 10:53:59,233 - INFO - Processing AAPL
2025-03-10 10:54:00,172 - INFO - Result for AAPL: {'ticker': 'AAPL', 'prediction': 119.84903720416747, 'indicators': {'sma': 239.45550003051758, 'macd': 0.24257437781736257}}
2025-03-10 11:16:33,360 - INFO - Verifying environment...
2025-03-10 11:16:33,372 - INFO - Loading configuration from config/config.yaml
2025-03-10 11:16:33,377 - INFO - Processing AAPL
2025-03-10 11:16:34,306 - INFO - Result for AAPL: {'ticker': 'AAPL', 'prediction': 119.84903720416747, 'indicators': {'sma': 239.45550003051758, 'macd': 0.24257437781736257}}
2025-03-10 11:26:19,326 - INFO - Verifying environment...
2025-03-10 11:26:19,326 - INFO - Loading configuration from config/config.yaml
2025-03-10 11:26:19,329 - INFO - Processing AAPL
2025-03-10 11:26:20,048 - INFO - Result for AAPL: {'ticker': 'AAPL', 'prediction': 119.84903720416747, 'indicators': {'sma': 239.45550003051758, 'macd': 0.24257437781736257}}
2025-03-10 11:26:20,048 - INFO - Processing GOOGL
2025-03-10 11:26:20,220 - INFO - Result for GOOGL: {'ticker': 'GOOGL', 'prediction': 86.57450153925828, 'indicators': {'sma': 178.43550033569335, 'macd': -5.286497257176791}}
2025-03-10 11:26:20,221 - INFO - Processing MSFT
2025-03-10 11:26:20,523 - INFO - Result for MSFT: {'ticker': 'MSFT', 'prediction': 198.0043328848387, 'indicators': {'sma': 403.1532348632812, 'macd': -7.14456909360382}}
2025-03-10 11:26:29,748 - INFO - Verifying environment...
2025-03-10 11:26:29,752 - INFO - Loading configuration from config/config.yaml
2025-03-10 11:26:29,755 - INFO - Processing AAPL
2025-03-10 11:26:30,471 - INFO - Result for AAPL: {'ticker': 'AAPL', 'prediction': 119.84903720416747, 'indicators': {'sma': 239.45550003051758, 'macd': 0.24257437781736257}}
2025-03-10 12:26:43,216 - INFO - Verifying environment...
2025-03-10 12:26:43,217 - INFO - Loading configuration from config/config.yaml
2025-03-10 12:26:43,220 - INFO - Processing AAPL
2025-03-10 12:26:44,127 - INFO - Result for AAPL: {'ticker': 'AAPL', 'prediction': 119.84903720416747, 'indicators': {'sma': 239.45550003051758, 'macd': 0.24257437781736257}}
2025-03-10 12:26:51,812 - INFO - Verifying environment...
2025-03-10 12:26:51,813 - INFO - Loading configuration from config/config.yaml
2025-03-10 12:26:51,815 - INFO - Processing AAPL
2025-03-10 12:26:52,505 - INFO - Result for AAPL: {'ticker': 'AAPL', 'prediction': 119.84903720461115, 'indicators': {'sma': 239.45550003051758, 'macd': 0.24257437870471676}}
2025-03-10 12:26:52,505 - INFO - Processing GOOGL
2025-03-10 12:26:52,700 - INFO - Result for GOOGL: {'ticker': 'GOOGL', 'prediction': 86.57450153925828, 'indicators': {'sma': 178.43550033569335, 'macd': -5.286497257176791}}
2025-03-10 12:26:52,700 - INFO - Processing MSFT
2025-03-10 12:26:52,900 - INFO - Result for MSFT: {'ticker': 'MSFT', 'prediction': 198.004332880791, 'indicators': {'sma': 403.1532348632812, 'macd': -7.144569101699233}}
2025-03-10 12:26:58,744 - INFO - Verifying environment...
2025-03-10 12:26:58,745 - INFO - Loading configuration from config/config.yaml
2025-03-10 12:26:58,747 - INFO - Processing AAPL
2025-03-10 12:26:59,471 - INFO - Result for AAPL: {'ticker': 'AAPL', 'prediction': 119.84903720416747, 'indicators': {'sma': 239.45550003051758, 'macd': 0.24257437781736257}}
2025-03-10 12:36:58,715 - INFO - Verifying environment...
2025-03-10 12:36:58,715 - INFO - Loading configuration from config/config.yaml
2025-03-10 12:36:58,718 - INFO - Processing AAPL
2025-03-10 12:36:59,461 - INFO - Result for AAPL: {'ticker': 'AAPL', 'prediction': 119.84903720461115, 'indicators': {'sma': 239.45550003051758, 'macd': 0.24257437870471676}}
2025-03-10 12:36:59,461 - INFO - Processing GOOGL
2025-03-10 12:36:59,653 - INFO - Result for GOOGL: {'ticker': 'GOOGL', 'prediction': 86.57450153925828, 'indicators': {'sma': 178.43550033569335, 'macd': -5.286497257176791}}
2025-03-10 12:57:29,433 - ERROR - Execution failed: name 'PlatformValidator' is not defined
Traceback (most recent call last):
  File "/Users/lironlanger/Downloads/predictexp-main/run.py", line 51, in main
    validator = PlatformValidator()
                ^^^^^^^^^^^^^^^^^
NameError: name 'PlatformValidator' is not defined
2025-03-10 12:58:43,629 - ERROR - Execution failed: name 'PlatformValidator' is not defined
Traceback (most recent call last):
  File "/Users/lironlanger/Downloads/predictexp-main/run.py", line 51, in main
    validator = PlatformValidator()
                ^^^^^^^^^^^^^^^^^
NameError: name 'PlatformValidator' is not defined
2025-03-10 12:59:00,705 - ERROR - Execution failed: name 'PlatformValidator' is not defined
Traceback (most recent call last):
  File "/Users/lironlanger/Downloads/predictexp-main/run.py", line 51, in main
    validator = PlatformValidator()
                ^^^^^^^^^^^^^^^^^
NameError: name 'PlatformValidator' is not defined
2025-03-10 12:59:20,595 - ERROR - Execution failed: name 'PlatformValidator' is not defined
Traceback (most recent call last):
  File "/Users/lironlanger/Downloads/predictexp-main/run.py", line 51, in main
    validator = PlatformValidator()
                ^^^^^^^^^^^^^^^^^
NameError: name 'PlatformValidator' is not defined
2025-03-10 13:03:50,489 - ERROR - Execution failed: name 'PlatformValidator' is not defined
Traceback (most recent call last):
  File "/Users/lironlanger/Downloads/predictexp-main/run.py", line 51, in main
    validator = PlatformValidator()
                ^^^^^^^^^^^^^^^^^
NameError: name 'PlatformValidator' is not defined
